Determining if the pthread_create exist failed with the following output:
Change Dir: /home/osama/Documents/Example/build/CMakeFiles/CMakeTmp

Run Build Command:"/usr/bin/make" "cmTC_bfd76/fast"
/usr/bin/make -f CMakeFiles/cmTC_bfd76.dir/build.make CMakeFiles/cmTC_bfd76.dir/build
make[1]: Entering directory `/home/osama/Documents/Example/build/CMakeFiles/CMakeTmp'
Building C object CMakeFiles/cmTC_bfd76.dir/CheckSymbolExists.c.o
/usr/bin/cc    -o CMakeFiles/cmTC_bfd76.dir/CheckSymbolExists.c.o   -c /home/osama/Documents/Example/build/CMakeFiles/CMakeTmp/CheckSymbolExists.c
Linking C executable cmTC_bfd76
/usr/local/bin/cmake -E cmake_link_script CMakeFiles/cmTC_bfd76.dir/link.txt --verbose=1
/usr/bin/cc      -rdynamic CMakeFiles/cmTC_bfd76.dir/CheckSymbolExists.c.o  -o cmTC_bfd76 
CMakeFiles/cmTC_bfd76.dir/CheckSymbolExists.c.o: In function `main':
CheckSymbolExists.c:(.text+0x16): undefined reference to `pthread_create'
collect2: error: ld returned 1 exit status
make[1]: *** [cmTC_bfd76] Error 1
make[1]: Leaving directory `/home/osama/Documents/Example/build/CMakeFiles/CMakeTmp'
make: *** [cmTC_bfd76/fast] Error 2

File /home/osama/Documents/Example/build/CMakeFiles/CMakeTmp/CheckSymbolExists.c:
/* */
#include <pthread.h>

int main(int argc, char** argv)
{
  (void)argv;
#ifndef pthread_create
  return ((int*)(&pthread_create))[argc];
#else
  (void)argc;
  return 0;
#endif
}

Determining if the function pthread_create exists in the pthreads failed with the following output:
Change Dir: /home/osama/Documents/Example/build/CMakeFiles/CMakeTmp

Run Build Command:"/usr/bin/make" "cmTC_64d2d/fast"
/usr/bin/make -f CMakeFiles/cmTC_64d2d.dir/build.make CMakeFiles/cmTC_64d2d.dir/build
make[1]: Entering directory `/home/osama/Documents/Example/build/CMakeFiles/CMakeTmp'
Building C object CMakeFiles/cmTC_64d2d.dir/CheckFunctionExists.c.o
/usr/bin/cc   -DCHECK_FUNCTION_EXISTS=pthread_create   -o CMakeFiles/cmTC_64d2d.dir/CheckFunctionExists.c.o   -c /usr/local/share/cmake-3.9/Modules/CheckFunctionExists.c
Linking C executable cmTC_64d2d
/usr/local/bin/cmake -E cmake_link_script CMakeFiles/cmTC_64d2d.dir/link.txt --verbose=1
/usr/bin/cc  -DCHECK_FUNCTION_EXISTS=pthread_create    -rdynamic CMakeFiles/cmTC_64d2d.dir/CheckFunctionExists.c.o  -o cmTC_64d2d -lpthreads 
/usr/bin/ld: cannot find -lpthreads
collect2: error: ld returned 1 exit status
make[1]: *** [cmTC_64d2d] Error 1
make[1]: Leaving directory `/home/osama/Documents/Example/build/CMakeFiles/CMakeTmp'
make: *** [cmTC_64d2d/fast] Error 2


Determining if the pthread_create exist failed with the following output:
Change Dir: /home/osama/Documents/FE/Example/build/CMakeFiles/CMakeTmp

Run Build Command:"/usr/bin/make" "cmTC_13975/fast"
/usr/bin/make -f CMakeFiles/cmTC_13975.dir/build.make CMakeFiles/cmTC_13975.dir/build
make[1]: Entering directory `/home/osama/Documents/FE/Example/build/CMakeFiles/CMakeTmp'
Building C object CMakeFiles/cmTC_13975.dir/CheckSymbolExists.c.o
/usr/bin/cc    -o CMakeFiles/cmTC_13975.dir/CheckSymbolExists.c.o   -c /home/osama/Documents/FE/Example/build/CMakeFiles/CMakeTmp/CheckSymbolExists.c
Linking C executable cmTC_13975
/usr/local/bin/cmake -E cmake_link_script CMakeFiles/cmTC_13975.dir/link.txt --verbose=1
/usr/bin/cc      -rdynamic CMakeFiles/cmTC_13975.dir/CheckSymbolExists.c.o  -o cmTC_13975 
CMakeFiles/cmTC_13975.dir/CheckSymbolExists.c.o: In function `main':
CheckSymbolExists.c:(.text+0x16): undefined reference to `pthread_create'
collect2: error: ld returned 1 exit status
make[1]: *** [cmTC_13975] Error 1
make[1]: Leaving directory `/home/osama/Documents/FE/Example/build/CMakeFiles/CMakeTmp'
make: *** [cmTC_13975/fast] Error 2

File /home/osama/Documents/FE/Example/build/CMakeFiles/CMakeTmp/CheckSymbolExists.c:
/* */
#include <pthread.h>

int main(int argc, char** argv)
{
  (void)argv;
#ifndef pthread_create
  return ((int*)(&pthread_create))[argc];
#else
  (void)argc;
  return 0;
#endif
}

Determining if the function pthread_create exists in the pthreads failed with the following output:
Change Dir: /home/osama/Documents/FE/Example/build/CMakeFiles/CMakeTmp

Run Build Command:"/usr/bin/make" "cmTC_54078/fast"
/usr/bin/make -f CMakeFiles/cmTC_54078.dir/build.make CMakeFiles/cmTC_54078.dir/build
make[1]: Entering directory `/home/osama/Documents/FE/Example/build/CMakeFiles/CMakeTmp'
Building C object CMakeFiles/cmTC_54078.dir/CheckFunctionExists.c.o
/usr/bin/cc   -DCHECK_FUNCTION_EXISTS=pthread_create   -o CMakeFiles/cmTC_54078.dir/CheckFunctionExists.c.o   -c /usr/local/share/cmake-3.9/Modules/CheckFunctionExists.c
Linking C executable cmTC_54078
/usr/local/bin/cmake -E cmake_link_script CMakeFiles/cmTC_54078.dir/link.txt --verbose=1
/usr/bin/cc  -DCHECK_FUNCTION_EXISTS=pthread_create    -rdynamic CMakeFiles/cmTC_54078.dir/CheckFunctionExists.c.o  -o cmTC_54078 -lpthreads 
/usr/bin/ld: cannot find -lpthreads
collect2: error: ld returned 1 exit status
make[1]: *** [cmTC_54078] Error 1
make[1]: Leaving directory `/home/osama/Documents/FE/Example/build/CMakeFiles/CMakeTmp'
make: *** [cmTC_54078/fast] Error 2


